<?xml version="1.0" encoding="UTF-8"?>
<!-- Generated by org.testng.reporters.JUnitReportReporter -->
<testsuite hostname="Samsung-PC" name="CrossBrowserTesting.MultiBrowser" tests="2" failures="0" timestamp="4 Dec 2018 13:06:03 GMT" time="14.367" errors="0">
  <testcase name="login" time="8.122" classname="CrossBrowserTesting.MultiBrowser"/>
  <testcase name="login" time="6.245" classname="CrossBrowserTesting.MultiBrowser"/>
</testsuite> <!-- CrossBrowserTesting.MultiBrowser -->
