<?xml version="1.0" encoding="UTF-8"?>
<!-- Generated by org.testng.reporters.JUnitReportReporter -->
<testsuite hostname="Samsung-PC" name="TestNgDemo.NewTest" tests="1" failures="0" timestamp="23 Jan 2019 06:16:45 GMT" time="25.248" errors="0">
  <testcase name="verifyHomePageTitle" time="25.248" classname="TestNgDemo.NewTest"/>
</testsuite> <!-- TestNgDemo.NewTest -->
