<?xml version="1.0" encoding="UTF-8"?>
<!-- Generated by org.testng.reporters.JUnitReportReporter -->
<testsuite hostname="Samsung-PC" name="AutoIT.UploadFile2" tests="1" failures="0" timestamp="6 Jan 2019 06:39:46 GMT" time="22.449" errors="0">
  <testcase name="test" time="22.449" classname="AutoIT.UploadFile2"/>
</testsuite> <!-- AutoIT.UploadFile2 -->
