<?xml version="1.0" encoding="UTF-8"?>
<!-- Generated by org.testng.reporters.JUnitReportReporter -->
<testsuite hostname="Samsung-PC" name="RobotClassDemo.GuruCode" tests="1" failures="0" timestamp="7 Dec 2018 08:02:09 GMT" time="19.089" errors="0">
  <testcase name="execution" time="19.089" classname="RobotClassDemo.GuruCode"/>
</testsuite> <!-- RobotClassDemo.GuruCode -->
