<?xml version="1.0" encoding="UTF-8"?>
<!-- Generated by org.testng.reporters.JUnitReportReporter -->
<testsuite hostname="Samsung-PC" name="RobotClassDemo.RobotTest" tests="1" failures="0" timestamp="10 Dec 2018 07:20:27 GMT" time="41.728" errors="0">
  <testcase name="robotTest" time="41.728" classname="RobotClassDemo.RobotTest"/>
</testsuite> <!-- RobotClassDemo.RobotTest -->
