<?xml version="1.0" encoding="UTF-8"?>
<!-- Generated by org.testng.reporters.JUnitReportReporter -->
<testsuite hostname="Samsung-PC" name="TestNgDemo.Demo" tests="4" failures="0" timestamp="28 Nov 2018 17:09:20 GMT" time="0.032" errors="0">
  <testcase name="C2" time="0.001" classname="TestNgDemo.Demo"/>
  <testcase name="C1" time="0.017" classname="TestNgDemo.Demo"/>
  <testcase name="GooglePageTitle" time="0.011" classname="TestNgDemo.Demo"/>
  <testcase name="c1" time="0.003" classname="TestNgDemo.Demo"/>
</testsuite> <!-- TestNgDemo.Demo -->
