<?xml version="1.0" encoding="UTF-8"?>
<!-- Generated by org.testng.reporters.JUnitReportReporter -->
<testsuite hostname="Samsung-PC" name="TestNgDemo.GoogleTest" tests="3" failures="0" timestamp="28 Nov 2018 17:09:20 GMT" time="35.364" errors="0">
  <testcase name="googleLogoTest" time="11.969" classname="TestNgDemo.GoogleTest"/>
  <testcase name="googleTitleTest" time="11.211" classname="TestNgDemo.GoogleTest"/>
  <testcase name="mailLinkTest" time="12.184" classname="TestNgDemo.GoogleTest"/>
</testsuite> <!-- TestNgDemo.GoogleTest -->
