<?xml version="1.0" encoding="UTF-8"?>
<!-- Generated by org.testng.reporters.JUnitReportReporter -->
<testsuite hostname="Samsung-PC" name="RobotClassDemo.UsingTestng" tests="1" failures="0" timestamp="7 Dec 2018 07:39:40 GMT" time="19.046" errors="0">
  <testcase name="Execution" time="19.046" classname="RobotClassDemo.UsingTestng"/>
</testsuite> <!-- RobotClassDemo.UsingTestng -->
