<?xml version="1.0" encoding="UTF-8"?>
<!-- Generated by org.testng.reporters.JUnitReportReporter -->
<testsuite hostname="Samsung-PC" name="AutoIT.FileUpl1" tests="1" failures="0" timestamp="14 Dec 2018 18:39:59 GMT" time="11.949" errors="0">
  <testcase name="testAuto" time="11.949" classname="AutoIT.FileUpl1"/>
</testsuite> <!-- AutoIT.FileUpl1 -->
