<?xml version="1.0" encoding="UTF-8"?>
<!-- Generated by org.testng.reporters.JUnitReportReporter -->
<testsuite hostname="Samsung-PC" name="TestNgDemo.Demo2" tests="1" failures="0" timestamp="28 Nov 2018 17:09:20 GMT" time="0.027" errors="0">
  <testcase name="veriftHomePageTitle" time="0.027" classname="TestNgDemo.Demo2"/>
</testsuite> <!-- TestNgDemo.Demo2 -->
